[19:04:58.361][INFO][CraftTweaker-EarlyInit]: CraftTweaker is running on a Minecraft 1.20.1 production server modded with platform Forge
[19:04:58.373][INFO][CraftTweaker-EarlyInit]: Successfully injected RecipeFS file system
[19:04:58.416][INFO][CraftTweaker-Plugins]: Successfully identified and loaded plugin jeitweaker:common
[19:04:58.425][INFO][CraftTweaker-Plugins]: Successfully identified and loaded plugin crafttweaker:builtin
[19:04:58.425][INFO][CraftTweaker-Plugins]: Successfully identified and loaded plugin crafttweaker:builtin_forge
[19:04:58.435][INFO][CraftTweaker-Plugins]: Successfully identified and loaded plugin farmersdelight:crafttweaker_plugin
[19:04:58.461][INFO][JEITweaker]: Identified JeiTweaker plugin 'jeitweaker:forge': loading scheduled
[19:04:58.462][INFO][JEITweaker]: Identified JeiTweaker plugin 'jeitweaker:common': loading scheduled
[19:04:58.471][INFO][JEITweaker]: JEITweaker Environmental Check: the combination of mods [jei] is fully supported
[19:04:58.471][INFO][JEITweaker]: Running JeiTweaker plugin initialization
[19:04:58.482][INFO][JEITweaker]: JeiTweaker plugin initialization completed successfully
[19:04:59.554][INFO][CraftTweaker]: The following mods have explicit CraftTweaker support through the default plugin:
[19:04:59.556][INFO][CraftTweaker]: - 'crafttweaker' at version '14.0.57'
[19:04:59.558][INFO][CraftTweaker]: - 'farmersdelight' at version '1.20.1-1.2.7'
[19:04:59.558][INFO][CraftTweaker]: - 'jeitweaker' at version '8.0.6'
[19:05:14.156][INFO][CraftTweaker-ZenCode]: Started loading scripts for loader 'initialize'
[19:05:14.901][INFO][CraftTweaker-ZenCode]: Compiling and executing scripts
[19:05:15.048][INFO][CraftTweaker-ZenCode]: Successfully initialized modules [crafttweaker, expansions]
[19:05:15.230][INFO][CraftTweaker-ZenCode]: Execution for loader 'initialize' completed successfully
[19:05:58.211][INFO][CraftTweaker-ZenCode]: Started loading scripts for loader 'tags'
[19:05:58.253][INFO][CraftTweaker-ZenCode]: Compiling and executing scripts
[19:05:58.276][INFO][CraftTweaker-ZenCode]: Successfully initialized modules [crafttweaker, expansions]
[19:05:58.292][INFO][CraftTweaker-ZenCode]: Execution for loader 'tags' completed successfully
[19:06:03.276][INFO][CraftTweaker]: crafttweaker.reload.start
[19:06:03.281][INFO][CraftTweaker-ZenCode]: Started loading scripts for loader 'crafttweaker'
[19:06:03.313][INFO][CraftTweaker-ZenCode]: Compiling and executing scripts
[19:06:03.846][INFO][CraftTweaker-ZenCode]: Successfully initialized modules [mods, crafttweaker, expansions]
[19:06:03.850][INFO][CraftTweaker-ZenCode]: Loading file 'script.zs' with priority 0
[19:06:03.892][INFO][CraftTweaker-ZenCode]: Execution for loader 'crafttweaker' completed successfully
[19:06:03.893][INFO][CraftTweaker]: crafttweaker.reload.complete
[19:06:03.894][INFO][CraftTweaker]: This reload was made possible by Zuniroa and more! Become a patron at https://patreon.com/jaredlll08?s=crtmod
